<?xml version="1.0" encoding="UTF-8"?>
<!-- Generated by org.testng.reporters.JUnitXMLReporter -->
<testsuite ignored="0" hostname="ashishsri" failures="0" tests="4" name="Default test" time="35.617" errors="0" timestamp="2024-05-19T13:35:48 IST">
  <testcase classname="TestCases.AllTestClasses" name="TestCase1" time="14.675"/>
  <testcase classname="TestCases.AllTestClasses" name="towriteinExcel" time="1.08"/>
  <testcase classname="TestCases.AllTestClasses" name="toComapreTheExcelFile" time="11.09"/>
  <testcase classname="TestCases.AllTestClasses" name="selectTheDate" time="0.148"/>
</testsuite> <!-- Default test -->
